DEBUG - 2025-09-01 19:58:35 --> Session: Class initialized using 'CodeIgniter\Session\Handlers\FileHandler' driver.
WARNING - 2025-09-01 19:58:39 --> [DEPRECATED] Creation of dynamic property App\Controllers\Auth::$storeModel is deprecated in APPPATH\Controllers\Auth.php on line 16.
 1 SYSTEMPATH\CodeIgniter.php(903): App\Controllers\Auth->__construct()
 2 SYSTEMPATH\CodeIgniter.php(498): CodeIgniter\CodeIgniter->createController()
 3 SYSTEMPATH\CodeIgniter.php(354): CodeIgniter\CodeIgniter->handleRequest(null, Object(Config\Cache), false)
 4 SYSTEMPATH\Boot.php(334): CodeIgniter\CodeIgniter->run()
 5 SYSTEMPATH\Boot.php(67): CodeIgniter\Boot::runCodeIgniter(Object(CodeIgniter\CodeIgniter))
 6 FCPATH\index.php(59): CodeIgniter\Boot::bootWeb(Object(Config\Paths))
DEBUG - 2025-09-01 19:58:39 --> Session: Class initialized using 'CodeIgniter\Session\Handlers\FileHandler' driver.
INFO - 2025-09-01 19:58:44 --> CSRF token verified.
WARNING - 2025-09-01 19:58:44 --> [DEPRECATED] Creation of dynamic property App\Controllers\Auth::$storeModel is deprecated in APPPATH\Controllers\Auth.php on line 16.
 1 SYSTEMPATH\CodeIgniter.php(903): App\Controllers\Auth->__construct()
 2 SYSTEMPATH\CodeIgniter.php(498): CodeIgniter\CodeIgniter->createController()
 3 SYSTEMPATH\CodeIgniter.php(354): CodeIgniter\CodeIgniter->handleRequest(null, Object(Config\Cache), false)
 4 SYSTEMPATH\Boot.php(334): CodeIgniter\CodeIgniter->run()
 5 SYSTEMPATH\Boot.php(67): CodeIgniter\Boot::runCodeIgniter(Object(CodeIgniter\CodeIgniter))
 6 FCPATH\index.php(59): CodeIgniter\Boot::bootWeb(Object(Config\Paths))
DEBUG - 2025-09-01 19:58:45 --> Session: Class initialized using 'CodeIgniter\Session\Handlers\FileHandler' driver.
WARNING - 2025-09-01 19:58:46 --> [DEPRECATED] Creation of dynamic property App\Controllers\Auth::$storeModel is deprecated in APPPATH\Controllers\Auth.php on line 16.
 1 SYSTEMPATH\CodeIgniter.php(903): App\Controllers\Auth->__construct()
 2 SYSTEMPATH\CodeIgniter.php(498): CodeIgniter\CodeIgniter->createController()
 3 SYSTEMPATH\CodeIgniter.php(354): CodeIgniter\CodeIgniter->handleRequest(null, Object(Config\Cache), false)
 4 SYSTEMPATH\Boot.php(334): CodeIgniter\CodeIgniter->run()
 5 SYSTEMPATH\Boot.php(67): CodeIgniter\Boot::runCodeIgniter(Object(CodeIgniter\CodeIgniter))
 6 FCPATH\index.php(59): CodeIgniter\Boot::bootWeb(Object(Config\Paths))
DEBUG - 2025-09-01 19:58:46 --> Session: Class initialized using 'CodeIgniter\Session\Handlers\FileHandler' driver.
INFO - 2025-09-01 19:58:51 --> CSRF token verified.
WARNING - 2025-09-01 19:58:51 --> [DEPRECATED] Creation of dynamic property App\Controllers\Auth::$storeModel is deprecated in APPPATH\Controllers\Auth.php on line 16.
 1 SYSTEMPATH\CodeIgniter.php(903): App\Controllers\Auth->__construct()
 2 SYSTEMPATH\CodeIgniter.php(498): CodeIgniter\CodeIgniter->createController()
 3 SYSTEMPATH\CodeIgniter.php(354): CodeIgniter\CodeIgniter->handleRequest(null, Object(Config\Cache), false)
 4 SYSTEMPATH\Boot.php(334): CodeIgniter\CodeIgniter->run()
 5 SYSTEMPATH\Boot.php(67): CodeIgniter\Boot::runCodeIgniter(Object(CodeIgniter\CodeIgniter))
 6 FCPATH\index.php(59): CodeIgniter\Boot::bootWeb(Object(Config\Paths))
DEBUG - 2025-09-01 19:58:51 --> Session: Class initialized using 'CodeIgniter\Session\Handlers\FileHandler' driver.
DEBUG - 2025-09-01 19:58:52 --> Session: Class initialized using 'CodeIgniter\Session\Handlers\FileHandler' driver.
DEBUG - 2025-09-01 19:59:01 --> Session: Class initialized using 'CodeIgniter\Session\Handlers\FileHandler' driver.
DEBUG - 2025-09-01 20:00:02 --> Session: Class initialized using 'CodeIgniter\Session\Handlers\FileHandler' driver.
DEBUG - 2025-09-01 20:00:20 --> Session: Class initialized using 'CodeIgniter\Session\Handlers\FileHandler' driver.
DEBUG - 2025-09-01 20:00:43 --> Session: Class initialized using 'CodeIgniter\Session\Handlers\FileHandler' driver.
DEBUG - 2025-09-01 20:00:44 --> Session: Class initialized using 'CodeIgniter\Session\Handlers\FileHandler' driver.
DEBUG - 2025-09-01 20:00:46 --> Session: Class initialized using 'CodeIgniter\Session\Handlers\FileHandler' driver.
DEBUG - 2025-09-01 20:00:47 --> Session: Class initialized using 'CodeIgniter\Session\Handlers\FileHandler' driver.
DEBUG - 2025-09-01 20:00:48 --> Session: Class initialized using 'CodeIgniter\Session\Handlers\FileHandler' driver.
DEBUG - 2025-09-01 20:00:49 --> Session: Class initialized using 'CodeIgniter\Session\Handlers\FileHandler' driver.
DEBUG - 2025-09-01 20:00:51 --> Session: Class initialized using 'CodeIgniter\Session\Handlers\FileHandler' driver.
DEBUG - 2025-09-01 20:00:52 --> Session: Class initialized using 'CodeIgniter\Session\Handlers\FileHandler' driver.
DEBUG - 2025-09-01 20:00:53 --> Session: Class initialized using 'CodeIgniter\Session\Handlers\FileHandler' driver.
DEBUG - 2025-09-01 20:00:54 --> Session: Class initialized using 'CodeIgniter\Session\Handlers\FileHandler' driver.
DEBUG - 2025-09-01 20:00:55 --> Session: Class initialized using 'CodeIgniter\Session\Handlers\FileHandler' driver.
DEBUG - 2025-09-01 20:00:56 --> Session: Class initialized using 'CodeIgniter\Session\Handlers\FileHandler' driver.
DEBUG - 2025-09-01 20:00:59 --> Session: Class initialized using 'CodeIgniter\Session\Handlers\FileHandler' driver.
DEBUG - 2025-09-01 20:01:00 --> Session: Class initialized using 'CodeIgniter\Session\Handlers\FileHandler' driver.
DEBUG - 2025-09-01 20:01:01 --> Session: Class initialized using 'CodeIgniter\Session\Handlers\FileHandler' driver.
DEBUG - 2025-09-01 20:01:02 --> Session: Class initialized using 'CodeIgniter\Session\Handlers\FileHandler' driver.
DEBUG - 2025-09-01 20:01:03 --> Session: Class initialized using 'CodeIgniter\Session\Handlers\FileHandler' driver.
DEBUG - 2025-09-01 20:01:04 --> Session: Class initialized using 'CodeIgniter\Session\Handlers\FileHandler' driver.
DEBUG - 2025-09-01 20:01:27 --> Session: Class initialized using 'CodeIgniter\Session\Handlers\FileHandler' driver.
DEBUG - 2025-09-01 20:01:31 --> Session: Class initialized using 'CodeIgniter\Session\Handlers\FileHandler' driver.
DEBUG - 2025-09-01 20:04:43 --> Session: Class initialized using 'CodeIgniter\Session\Handlers\FileHandler' driver.
INFO - 2025-09-01 20:04:43 --> CSRF token verified.
DEBUG - 2025-09-01 20:04:44 --> Session: Class initialized using 'CodeIgniter\Session\Handlers\FileHandler' driver.
WARNING - 2025-09-01 20:04:44 --> [DEPRECATED] Creation of dynamic property App\Controllers\Receipts::$M_sales is deprecated in APPPATH\Controllers\Receipts.php on line 14.
 1 SYSTEMPATH\CodeIgniter.php(903): App\Controllers\Receipts->__construct()
 2 SYSTEMPATH\CodeIgniter.php(498): CodeIgniter\CodeIgniter->createController()
 3 SYSTEMPATH\CodeIgniter.php(354): CodeIgniter\CodeIgniter->handleRequest(null, Object(Config\Cache), false)
 4 SYSTEMPATH\Boot.php(334): CodeIgniter\CodeIgniter->run()
 5 SYSTEMPATH\Boot.php(67): CodeIgniter\Boot::runCodeIgniter(Object(CodeIgniter\CodeIgniter))
 6 FCPATH\index.php(59): CodeIgniter\Boot::bootWeb(Object(Config\Paths))
DEBUG - 2025-09-01 20:04:48 --> Session: Class initialized using 'CodeIgniter\Session\Handlers\FileHandler' driver.
DEBUG - 2025-09-01 20:04:56 --> Session: Class initialized using 'CodeIgniter\Session\Handlers\FileHandler' driver.
DEBUG - 2025-09-01 20:05:34 --> Session: Class initialized using 'CodeIgniter\Session\Handlers\FileHandler' driver.
DEBUG - 2025-09-01 20:05:40 --> Session: Class initialized using 'CodeIgniter\Session\Handlers\FileHandler' driver.
INFO - 2025-09-01 20:05:40 --> CSRF token verified.
DEBUG - 2025-09-01 20:05:40 --> Session: Class initialized using 'CodeIgniter\Session\Handlers\FileHandler' driver.
DEBUG - 2025-09-01 20:05:43 --> Session: Class initialized using 'CodeIgniter\Session\Handlers\FileHandler' driver.
DEBUG - 2025-09-01 20:05:53 --> Session: Class initialized using 'CodeIgniter\Session\Handlers\FileHandler' driver.
DEBUG - 2025-09-01 20:05:58 --> Session: Class initialized using 'CodeIgniter\Session\Handlers\FileHandler' driver.
DEBUG - 2025-09-01 20:06:12 --> Session: Class initialized using 'CodeIgniter\Session\Handlers\FileHandler' driver.
DEBUG - 2025-09-01 20:06:29 --> Session: Class initialized using 'CodeIgniter\Session\Handlers\FileHandler' driver.
DEBUG - 2025-09-01 20:06:42 --> Session: Class initialized using 'CodeIgniter\Session\Handlers\FileHandler' driver.
INFO - 2025-09-01 20:06:42 --> CSRF token verified.
DEBUG - 2025-09-01 20:06:42 --> Session: Class initialized using 'CodeIgniter\Session\Handlers\FileHandler' driver.
DEBUG - 2025-09-01 20:06:46 --> Session: Class initialized using 'CodeIgniter\Session\Handlers\FileHandler' driver.
DEBUG - 2025-09-01 20:06:58 --> Session: Class initialized using 'CodeIgniter\Session\Handlers\FileHandler' driver.
DEBUG - 2025-09-01 20:07:06 --> Session: Class initialized using 'CodeIgniter\Session\Handlers\FileHandler' driver.
DEBUG - 2025-09-01 20:07:06 --> Session: Class initialized using 'CodeIgniter\Session\Handlers\FileHandler' driver.
DEBUG - 2025-09-01 20:07:09 --> Session: Class initialized using 'CodeIgniter\Session\Handlers\FileHandler' driver.
DEBUG - 2025-09-01 20:07:11 --> Session: Class initialized using 'CodeIgniter\Session\Handlers\FileHandler' driver.
DEBUG - 2025-09-01 20:07:38 --> Session: Class initialized using 'CodeIgniter\Session\Handlers\FileHandler' driver.
DEBUG - 2025-09-01 20:09:24 --> Session: Class initialized using 'CodeIgniter\Session\Handlers\FileHandler' driver.
DEBUG - 2025-09-01 20:15:21 --> Session: Class initialized using 'CodeIgniter\Session\Handlers\FileHandler' driver.
DEBUG - 2025-09-01 20:15:28 --> Session: Class initialized using 'CodeIgniter\Session\Handlers\FileHandler' driver.
DEBUG - 2025-09-01 20:15:30 --> Session: Class initialized using 'CodeIgniter\Session\Handlers\FileHandler' driver.
DEBUG - 2025-09-01 20:17:30 --> Session: Class initialized using 'CodeIgniter\Session\Handlers\FileHandler' driver.
DEBUG - 2025-09-01 20:17:32 --> Session: Class initialized using 'CodeIgniter\Session\Handlers\FileHandler' driver.
DEBUG - 2025-09-01 20:17:35 --> Session: Class initialized using 'CodeIgniter\Session\Handlers\FileHandler' driver.
DEBUG - 2025-09-01 20:18:15 --> Session: Class initialized using 'CodeIgniter\Session\Handlers\FileHandler' driver.
DEBUG - 2025-09-01 20:18:22 --> Session: Class initialized using 'CodeIgniter\Session\Handlers\FileHandler' driver.
DEBUG - 2025-09-01 20:18:26 --> Session: Class initialized using 'CodeIgniter\Session\Handlers\FileHandler' driver.
DEBUG - 2025-09-01 20:18:58 --> Session: Class initialized using 'CodeIgniter\Session\Handlers\FileHandler' driver.
DEBUG - 2025-09-01 20:19:24 --> Session: Class initialized using 'CodeIgniter\Session\Handlers\FileHandler' driver.
DEBUG - 2025-09-01 20:19:33 --> Session: Class initialized using 'CodeIgniter\Session\Handlers\FileHandler' driver.
DEBUG - 2025-09-01 20:20:29 --> Session: Class initialized using 'CodeIgniter\Session\Handlers\FileHandler' driver.
INFO - 2025-09-01 20:20:29 --> CSRF token verified.
ERROR - 2025-09-01 20:20:29 --> mysqli_sql_exception: Column 'invoice_no' cannot be null in D:\xampp\htdocs\kasbook\pos-v4\system\Database\MySQLi\Connection.php:327
Stack trace:
#0 D:\xampp\htdocs\kasbook\pos-v4\system\Database\MySQLi\Connection.php(327): mysqli->query('INSERT INTO `po...', 0)
#1 D:\xampp\htdocs\kasbook\pos-v4\system\Database\BaseConnection.php(738): CodeIgniter\Database\MySQLi\Connection->execute('INSERT INTO `po...')
#2 D:\xampp\htdocs\kasbook\pos-v4\system\Database\BaseConnection.php(652): CodeIgniter\Database\BaseConnection->simpleQuery('INSERT INTO `po...')
#3 D:\xampp\htdocs\kasbook\pos-v4\system\Database\BaseBuilder.php(2345): CodeIgniter\Database\BaseConnection->query('INSERT INTO `po...', Array, false)
#4 D:\xampp\htdocs\kasbook\pos-v4\system\Model.php(394): CodeIgniter\Database\BaseBuilder->insert()
#5 D:\xampp\htdocs\kasbook\pos-v4\system\BaseModel.php(843): CodeIgniter\Model->doInsert(Array)
#6 D:\xampp\htdocs\kasbook\pos-v4\system\Model.php(800): CodeIgniter\BaseModel->insert(Array, true)
#7 D:\xampp\htdocs\kasbook\pos-v4\app\Models\M_inventory.php(52): CodeIgniter\Model->insert(Array)
#8 D:\xampp\htdocs\kasbook\pos-v4\app\Controllers\Inventory.php(66): App\Models\M_inventory->logStockChange('12', 1, '2', 'in', '1', 'adding')
#9 D:\xampp\htdocs\kasbook\pos-v4\system\CodeIgniter.php(933): App\Controllers\Inventory->updateStock('12')
#10 D:\xampp\htdocs\kasbook\pos-v4\system\CodeIgniter.php(507): CodeIgniter\CodeIgniter->runController(Object(App\Controllers\Inventory))
#11 D:\xampp\htdocs\kasbook\pos-v4\system\CodeIgniter.php(354): CodeIgniter\CodeIgniter->handleRequest(NULL, Object(Config\Cache), false)
#12 D:\xampp\htdocs\kasbook\pos-v4\system\Boot.php(334): CodeIgniter\CodeIgniter->run()
#13 D:\xampp\htdocs\kasbook\pos-v4\system\Boot.php(67): CodeIgniter\Boot::runCodeIgniter(Object(CodeIgniter\CodeIgniter))
#14 D:\xampp\htdocs\kasbook\pos-v4\index.php(59): CodeIgniter\Boot::bootWeb(Object(Config\Paths))
#15 {main}
CRITICAL - 2025-09-01 20:20:29 --> CodeIgniter\Database\Exceptions\DatabaseException: Column 'invoice_no' cannot be null
[Method: POST, Route: inventory/update/12]
in SYSTEMPATH\Database\BaseConnection.php on line 692.
 1 SYSTEMPATH\Database\BaseBuilder.php(2345): CodeIgniter\Database\BaseConnection->query('INSERT INTO `pos_inventory_logs` (`product_id`, `user_id`, `quantity`, `type`, `notes`, `store_id`, `cost_price`, `unit_price`, `invoice_no`, `date`, `created_at`, `updated_at`) VALUES (:product_id:, :user_id:, :quantity:, :type:, :notes:, :store_id:, :cost_price:, :unit_price:, :invoice_no:, :date:, :created_at:, :updated_at:)', [...], false)
 2 SYSTEMPATH\Model.php(394): CodeIgniter\Database\BaseBuilder->insert()
 3 SYSTEMPATH\BaseModel.php(843): CodeIgniter\Model->doInsert([...])
 4 SYSTEMPATH\Model.php(800): CodeIgniter\BaseModel->insert([...], true)
 5 APPPATH\Models\M_inventory.php(52): CodeIgniter\Model->insert([...])
 6 APPPATH\Controllers\Inventory.php(66): App\Models\M_inventory->logStockChange('12', 1, '2', 'in', '1', 'adding')
 7 SYSTEMPATH\CodeIgniter.php(933): App\Controllers\Inventory->updateStock('12')
 8 SYSTEMPATH\CodeIgniter.php(507): CodeIgniter\CodeIgniter->runController(Object(App\Controllers\Inventory))
 9 SYSTEMPATH\CodeIgniter.php(354): CodeIgniter\CodeIgniter->handleRequest(null, Object(Config\Cache), false)
10 SYSTEMPATH\Boot.php(334): CodeIgniter\CodeIgniter->run()
11 SYSTEMPATH\Boot.php(67): CodeIgniter\Boot::runCodeIgniter(Object(CodeIgniter\CodeIgniter))
12 FCPATH\index.php(59): CodeIgniter\Boot::bootWeb(Object(Config\Paths))
CRITICAL - 2025-09-01 20:20:29 --> [Caused by] CodeIgniter\Database\Exceptions\DatabaseException: Column 'invoice_no' cannot be null
in SYSTEMPATH\Database\MySQLi\Connection.php on line 332.
 1 SYSTEMPATH\Database\BaseConnection.php(738): CodeIgniter\Database\MySQLi\Connection->execute('INSERT INTO `pos_inventory_logs` (`product_id`, `user_id`, `quantity`, `type`, `notes`, `store_id`, `cost_price`, `unit_price`, `invoice_no`, `date`, `created_at`, `updated_at`) VALUES (\'12\', 1, 2, \'in\', \'adding\', \'1\', 0, 0, NULL, NULL, \'2025-09-01 20:20:29\', \'2025-09-01 20:20:29\')')
 2 SYSTEMPATH\Database\BaseConnection.php(652): CodeIgniter\Database\BaseConnection->simpleQuery('INSERT INTO `pos_inventory_logs` (`product_id`, `user_id`, `quantity`, `type`, `notes`, `store_id`, `cost_price`, `unit_price`, `invoice_no`, `date`, `created_at`, `updated_at`) VALUES (\'12\', 1, 2, \'in\', \'adding\', \'1\', 0, 0, NULL, NULL, \'2025-09-01 20:20:29\', \'2025-09-01 20:20:29\')')
 3 SYSTEMPATH\Database\BaseBuilder.php(2345): CodeIgniter\Database\BaseConnection->query('INSERT INTO `pos_inventory_logs` (`product_id`, `user_id`, `quantity`, `type`, `notes`, `store_id`, `cost_price`, `unit_price`, `invoice_no`, `date`, `created_at`, `updated_at`) VALUES (:product_id:, :user_id:, :quantity:, :type:, :notes:, :store_id:, :cost_price:, :unit_price:, :invoice_no:, :date:, :created_at:, :updated_at:)', [...], false)
 4 SYSTEMPATH\Model.php(394): CodeIgniter\Database\BaseBuilder->insert()
 5 SYSTEMPATH\BaseModel.php(843): CodeIgniter\Model->doInsert([...])
 6 SYSTEMPATH\Model.php(800): CodeIgniter\BaseModel->insert([...], true)
 7 APPPATH\Models\M_inventory.php(52): CodeIgniter\Model->insert([...])
 8 APPPATH\Controllers\Inventory.php(66): App\Models\M_inventory->logStockChange('12', 1, '2', 'in', '1', 'adding')
 9 SYSTEMPATH\CodeIgniter.php(933): App\Controllers\Inventory->updateStock('12')
10 SYSTEMPATH\CodeIgniter.php(507): CodeIgniter\CodeIgniter->runController(Object(App\Controllers\Inventory))
11 SYSTEMPATH\CodeIgniter.php(354): CodeIgniter\CodeIgniter->handleRequest(null, Object(Config\Cache), false)
12 SYSTEMPATH\Boot.php(334): CodeIgniter\CodeIgniter->run()
13 SYSTEMPATH\Boot.php(67): CodeIgniter\Boot::runCodeIgniter(Object(CodeIgniter\CodeIgniter))
14 FCPATH\index.php(59): CodeIgniter\Boot::bootWeb(Object(Config\Paths))
CRITICAL - 2025-09-01 20:20:29 --> [Caused by] mysqli_sql_exception: Column 'invoice_no' cannot be null
in SYSTEMPATH\Database\MySQLi\Connection.php on line 327.
 1 SYSTEMPATH\Database\MySQLi\Connection.php(327): mysqli->query('INSERT INTO `pos_inventory_logs` (`product_id`, `user_id`, `quantity`, `type`, `notes`, `store_id`, `cost_price`, `unit_price`, `invoice_no`, `date`, `created_at`, `updated_at`) VALUES (\'12\', 1, 2, \'in\', \'adding\', \'1\', 0, 0, NULL, NULL, \'2025-09-01 20:20:29\', \'2025-09-01 20:20:29\')', 0)
 2 SYSTEMPATH\Database\BaseConnection.php(738): CodeIgniter\Database\MySQLi\Connection->execute('INSERT INTO `pos_inventory_logs` (`product_id`, `user_id`, `quantity`, `type`, `notes`, `store_id`, `cost_price`, `unit_price`, `invoice_no`, `date`, `created_at`, `updated_at`) VALUES (\'12\', 1, 2, \'in\', \'adding\', \'1\', 0, 0, NULL, NULL, \'2025-09-01 20:20:29\', \'2025-09-01 20:20:29\')')
 3 SYSTEMPATH\Database\BaseConnection.php(652): CodeIgniter\Database\BaseConnection->simpleQuery('INSERT INTO `pos_inventory_logs` (`product_id`, `user_id`, `quantity`, `type`, `notes`, `store_id`, `cost_price`, `unit_price`, `invoice_no`, `date`, `created_at`, `updated_at`) VALUES (\'12\', 1, 2, \'in\', \'adding\', \'1\', 0, 0, NULL, NULL, \'2025-09-01 20:20:29\', \'2025-09-01 20:20:29\')')
 4 SYSTEMPATH\Database\BaseBuilder.php(2345): CodeIgniter\Database\BaseConnection->query('INSERT INTO `pos_inventory_logs` (`product_id`, `user_id`, `quantity`, `type`, `notes`, `store_id`, `cost_price`, `unit_price`, `invoice_no`, `date`, `created_at`, `updated_at`) VALUES (:product_id:, :user_id:, :quantity:, :type:, :notes:, :store_id:, :cost_price:, :unit_price:, :invoice_no:, :date:, :created_at:, :updated_at:)', [...], false)
 5 SYSTEMPATH\Model.php(394): CodeIgniter\Database\BaseBuilder->insert()
 6 SYSTEMPATH\BaseModel.php(843): CodeIgniter\Model->doInsert([...])
 7 SYSTEMPATH\Model.php(800): CodeIgniter\BaseModel->insert([...], true)
 8 APPPATH\Models\M_inventory.php(52): CodeIgniter\Model->insert([...])
 9 APPPATH\Controllers\Inventory.php(66): App\Models\M_inventory->logStockChange('12', 1, '2', 'in', '1', 'adding')
10 SYSTEMPATH\CodeIgniter.php(933): App\Controllers\Inventory->updateStock('12')
11 SYSTEMPATH\CodeIgniter.php(507): CodeIgniter\CodeIgniter->runController(Object(App\Controllers\Inventory))
12 SYSTEMPATH\CodeIgniter.php(354): CodeIgniter\CodeIgniter->handleRequest(null, Object(Config\Cache), false)
13 SYSTEMPATH\Boot.php(334): CodeIgniter\CodeIgniter->run()
14 SYSTEMPATH\Boot.php(67): CodeIgniter\Boot::runCodeIgniter(Object(CodeIgniter\CodeIgniter))
15 FCPATH\index.php(59): CodeIgniter\Boot::bootWeb(Object(Config\Paths))
DEBUG - 2025-09-01 20:20:37 --> Session: Class initialized using 'CodeIgniter\Session\Handlers\FileHandler' driver.
DEBUG - 2025-09-01 20:20:47 --> Session: Class initialized using 'CodeIgniter\Session\Handlers\FileHandler' driver.
DEBUG - 2025-09-01 20:21:06 --> Session: Class initialized using 'CodeIgniter\Session\Handlers\FileHandler' driver.
DEBUG - 2025-09-01 20:21:21 --> Session: Class initialized using 'CodeIgniter\Session\Handlers\FileHandler' driver.
DEBUG - 2025-09-01 20:21:26 --> Session: Class initialized using 'CodeIgniter\Session\Handlers\FileHandler' driver.
DEBUG - 2025-09-01 20:21:27 --> Session: Class initialized using 'CodeIgniter\Session\Handlers\FileHandler' driver.
DEBUG - 2025-09-01 20:21:38 --> Session: Class initialized using 'CodeIgniter\Session\Handlers\FileHandler' driver.
DEBUG - 2025-09-01 20:22:19 --> Session: Class initialized using 'CodeIgniter\Session\Handlers\FileHandler' driver.
DEBUG - 2025-09-01 20:22:30 --> Session: Class initialized using 'CodeIgniter\Session\Handlers\FileHandler' driver.
DEBUG - 2025-09-01 20:22:44 --> Session: Class initialized using 'CodeIgniter\Session\Handlers\FileHandler' driver.
DEBUG - 2025-09-01 20:22:44 --> Session: Class initialized using 'CodeIgniter\Session\Handlers\FileHandler' driver.
DEBUG - 2025-09-01 20:22:50 --> Session: Class initialized using 'CodeIgniter\Session\Handlers\FileHandler' driver.
DEBUG - 2025-09-01 20:23:27 --> Session: Class initialized using 'CodeIgniter\Session\Handlers\FileHandler' driver.
DEBUG - 2025-09-01 20:23:50 --> Session: Class initialized using 'CodeIgniter\Session\Handlers\FileHandler' driver.
DEBUG - 2025-09-01 20:23:57 --> Session: Class initialized using 'CodeIgniter\Session\Handlers\FileHandler' driver.
INFO - 2025-09-01 20:23:57 --> CSRF token verified.
ERROR - 2025-09-01 20:23:57 --> mysqli_sql_exception: Column 'invoice_no' cannot be null in D:\xampp\htdocs\kasbook\pos-v4\system\Database\MySQLi\Connection.php:327
Stack trace:
#0 D:\xampp\htdocs\kasbook\pos-v4\system\Database\MySQLi\Connection.php(327): mysqli->query('INSERT INTO `po...', 0)
#1 D:\xampp\htdocs\kasbook\pos-v4\system\Database\BaseConnection.php(738): CodeIgniter\Database\MySQLi\Connection->execute('INSERT INTO `po...')
#2 D:\xampp\htdocs\kasbook\pos-v4\system\Database\BaseConnection.php(652): CodeIgniter\Database\BaseConnection->simpleQuery('INSERT INTO `po...')
#3 D:\xampp\htdocs\kasbook\pos-v4\system\Database\BaseBuilder.php(2345): CodeIgniter\Database\BaseConnection->query('INSERT INTO `po...', Array, false)
#4 D:\xampp\htdocs\kasbook\pos-v4\system\Model.php(394): CodeIgniter\Database\BaseBuilder->insert()
#5 D:\xampp\htdocs\kasbook\pos-v4\system\BaseModel.php(843): CodeIgniter\Model->doInsert(Array)
#6 D:\xampp\htdocs\kasbook\pos-v4\system\Model.php(800): CodeIgniter\BaseModel->insert(Array, true)
#7 D:\xampp\htdocs\kasbook\pos-v4\app\Models\M_inventory.php(52): CodeIgniter\Model->insert(Array)
#8 D:\xampp\htdocs\kasbook\pos-v4\app\Controllers\Inventory.php(66): App\Models\M_inventory->logStockChange('5', 1, '5', 'adjustment', '1', '')
#9 D:\xampp\htdocs\kasbook\pos-v4\system\CodeIgniter.php(933): App\Controllers\Inventory->updateStock('5')
#10 D:\xampp\htdocs\kasbook\pos-v4\system\CodeIgniter.php(507): CodeIgniter\CodeIgniter->runController(Object(App\Controllers\Inventory))
#11 D:\xampp\htdocs\kasbook\pos-v4\system\CodeIgniter.php(354): CodeIgniter\CodeIgniter->handleRequest(NULL, Object(Config\Cache), false)
#12 D:\xampp\htdocs\kasbook\pos-v4\system\Boot.php(334): CodeIgniter\CodeIgniter->run()
#13 D:\xampp\htdocs\kasbook\pos-v4\system\Boot.php(67): CodeIgniter\Boot::runCodeIgniter(Object(CodeIgniter\CodeIgniter))
#14 D:\xampp\htdocs\kasbook\pos-v4\index.php(59): CodeIgniter\Boot::bootWeb(Object(Config\Paths))
#15 {main}
CRITICAL - 2025-09-01 20:23:57 --> CodeIgniter\Database\Exceptions\DatabaseException: Column 'invoice_no' cannot be null
[Method: POST, Route: inventory/update/5]
in SYSTEMPATH\Database\BaseConnection.php on line 692.
 1 SYSTEMPATH\Database\BaseBuilder.php(2345): CodeIgniter\Database\BaseConnection->query('INSERT INTO `pos_inventory_logs` (`product_id`, `user_id`, `quantity`, `type`, `notes`, `store_id`, `cost_price`, `unit_price`, `invoice_no`, `date`, `created_at`, `updated_at`) VALUES (:product_id:, :user_id:, :quantity:, :type:, :notes:, :store_id:, :cost_price:, :unit_price:, :invoice_no:, :date:, :created_at:, :updated_at:)', [...], false)
 2 SYSTEMPATH\Model.php(394): CodeIgniter\Database\BaseBuilder->insert()
 3 SYSTEMPATH\BaseModel.php(843): CodeIgniter\Model->doInsert([...])
 4 SYSTEMPATH\Model.php(800): CodeIgniter\BaseModel->insert([...], true)
 5 APPPATH\Models\M_inventory.php(52): CodeIgniter\Model->insert([...])
 6 APPPATH\Controllers\Inventory.php(66): App\Models\M_inventory->logStockChange('5', 1, '5', 'adjustment', '1', '')
 7 SYSTEMPATH\CodeIgniter.php(933): App\Controllers\Inventory->updateStock('5')
 8 SYSTEMPATH\CodeIgniter.php(507): CodeIgniter\CodeIgniter->runController(Object(App\Controllers\Inventory))
 9 SYSTEMPATH\CodeIgniter.php(354): CodeIgniter\CodeIgniter->handleRequest(null, Object(Config\Cache), false)
10 SYSTEMPATH\Boot.php(334): CodeIgniter\CodeIgniter->run()
11 SYSTEMPATH\Boot.php(67): CodeIgniter\Boot::runCodeIgniter(Object(CodeIgniter\CodeIgniter))
12 FCPATH\index.php(59): CodeIgniter\Boot::bootWeb(Object(Config\Paths))
CRITICAL - 2025-09-01 20:23:57 --> [Caused by] CodeIgniter\Database\Exceptions\DatabaseException: Column 'invoice_no' cannot be null
in SYSTEMPATH\Database\MySQLi\Connection.php on line 332.
 1 SYSTEMPATH\Database\BaseConnection.php(738): CodeIgniter\Database\MySQLi\Connection->execute('INSERT INTO `pos_inventory_logs` (`product_id`, `user_id`, `quantity`, `type`, `notes`, `store_id`, `cost_price`, `unit_price`, `invoice_no`, `date`, `created_at`, `updated_at`) VALUES (\'5\', 1, 5, \'adjustment\', \'\', \'1\', 0, 0, NULL, NULL, \'2025-09-01 20:23:57\', \'2025-09-01 20:23:57\')')
 2 SYSTEMPATH\Database\BaseConnection.php(652): CodeIgniter\Database\BaseConnection->simpleQuery('INSERT INTO `pos_inventory_logs` (`product_id`, `user_id`, `quantity`, `type`, `notes`, `store_id`, `cost_price`, `unit_price`, `invoice_no`, `date`, `created_at`, `updated_at`) VALUES (\'5\', 1, 5, \'adjustment\', \'\', \'1\', 0, 0, NULL, NULL, \'2025-09-01 20:23:57\', \'2025-09-01 20:23:57\')')
 3 SYSTEMPATH\Database\BaseBuilder.php(2345): CodeIgniter\Database\BaseConnection->query('INSERT INTO `pos_inventory_logs` (`product_id`, `user_id`, `quantity`, `type`, `notes`, `store_id`, `cost_price`, `unit_price`, `invoice_no`, `date`, `created_at`, `updated_at`) VALUES (:product_id:, :user_id:, :quantity:, :type:, :notes:, :store_id:, :cost_price:, :unit_price:, :invoice_no:, :date:, :created_at:, :updated_at:)', [...], false)
 4 SYSTEMPATH\Model.php(394): CodeIgniter\Database\BaseBuilder->insert()
 5 SYSTEMPATH\BaseModel.php(843): CodeIgniter\Model->doInsert([...])
 6 SYSTEMPATH\Model.php(800): CodeIgniter\BaseModel->insert([...], true)
 7 APPPATH\Models\M_inventory.php(52): CodeIgniter\Model->insert([...])
 8 APPPATH\Controllers\Inventory.php(66): App\Models\M_inventory->logStockChange('5', 1, '5', 'adjustment', '1', '')
 9 SYSTEMPATH\CodeIgniter.php(933): App\Controllers\Inventory->updateStock('5')
10 SYSTEMPATH\CodeIgniter.php(507): CodeIgniter\CodeIgniter->runController(Object(App\Controllers\Inventory))
11 SYSTEMPATH\CodeIgniter.php(354): CodeIgniter\CodeIgniter->handleRequest(null, Object(Config\Cache), false)
12 SYSTEMPATH\Boot.php(334): CodeIgniter\CodeIgniter->run()
13 SYSTEMPATH\Boot.php(67): CodeIgniter\Boot::runCodeIgniter(Object(CodeIgniter\CodeIgniter))
14 FCPATH\index.php(59): CodeIgniter\Boot::bootWeb(Object(Config\Paths))
CRITICAL - 2025-09-01 20:23:57 --> [Caused by] mysqli_sql_exception: Column 'invoice_no' cannot be null
in SYSTEMPATH\Database\MySQLi\Connection.php on line 327.
 1 SYSTEMPATH\Database\MySQLi\Connection.php(327): mysqli->query('INSERT INTO `pos_inventory_logs` (`product_id`, `user_id`, `quantity`, `type`, `notes`, `store_id`, `cost_price`, `unit_price`, `invoice_no`, `date`, `created_at`, `updated_at`) VALUES (\'5\', 1, 5, \'adjustment\', \'\', \'1\', 0, 0, NULL, NULL, \'2025-09-01 20:23:57\', \'2025-09-01 20:23:57\')', 0)
 2 SYSTEMPATH\Database\BaseConnection.php(738): CodeIgniter\Database\MySQLi\Connection->execute('INSERT INTO `pos_inventory_logs` (`product_id`, `user_id`, `quantity`, `type`, `notes`, `store_id`, `cost_price`, `unit_price`, `invoice_no`, `date`, `created_at`, `updated_at`) VALUES (\'5\', 1, 5, \'adjustment\', \'\', \'1\', 0, 0, NULL, NULL, \'2025-09-01 20:23:57\', \'2025-09-01 20:23:57\')')
 3 SYSTEMPATH\Database\BaseConnection.php(652): CodeIgniter\Database\BaseConnection->simpleQuery('INSERT INTO `pos_inventory_logs` (`product_id`, `user_id`, `quantity`, `type`, `notes`, `store_id`, `cost_price`, `unit_price`, `invoice_no`, `date`, `created_at`, `updated_at`) VALUES (\'5\', 1, 5, \'adjustment\', \'\', \'1\', 0, 0, NULL, NULL, \'2025-09-01 20:23:57\', \'2025-09-01 20:23:57\')')
 4 SYSTEMPATH\Database\BaseBuilder.php(2345): CodeIgniter\Database\BaseConnection->query('INSERT INTO `pos_inventory_logs` (`product_id`, `user_id`, `quantity`, `type`, `notes`, `store_id`, `cost_price`, `unit_price`, `invoice_no`, `date`, `created_at`, `updated_at`) VALUES (:product_id:, :user_id:, :quantity:, :type:, :notes:, :store_id:, :cost_price:, :unit_price:, :invoice_no:, :date:, :created_at:, :updated_at:)', [...], false)
 5 SYSTEMPATH\Model.php(394): CodeIgniter\Database\BaseBuilder->insert()
 6 SYSTEMPATH\BaseModel.php(843): CodeIgniter\Model->doInsert([...])
 7 SYSTEMPATH\Model.php(800): CodeIgniter\BaseModel->insert([...], true)
 8 APPPATH\Models\M_inventory.php(52): CodeIgniter\Model->insert([...])
 9 APPPATH\Controllers\Inventory.php(66): App\Models\M_inventory->logStockChange('5', 1, '5', 'adjustment', '1', '')
10 SYSTEMPATH\CodeIgniter.php(933): App\Controllers\Inventory->updateStock('5')
11 SYSTEMPATH\CodeIgniter.php(507): CodeIgniter\CodeIgniter->runController(Object(App\Controllers\Inventory))
12 SYSTEMPATH\CodeIgniter.php(354): CodeIgniter\CodeIgniter->handleRequest(null, Object(Config\Cache), false)
13 SYSTEMPATH\Boot.php(334): CodeIgniter\CodeIgniter->run()
14 SYSTEMPATH\Boot.php(67): CodeIgniter\Boot::runCodeIgniter(Object(CodeIgniter\CodeIgniter))
15 FCPATH\index.php(59): CodeIgniter\Boot::bootWeb(Object(Config\Paths))
DEBUG - 2025-09-01 20:23:59 --> Session: Class initialized using 'CodeIgniter\Session\Handlers\FileHandler' driver.
DEBUG - 2025-09-01 20:24:09 --> Session: Class initialized using 'CodeIgniter\Session\Handlers\FileHandler' driver.
DEBUG - 2025-09-01 20:24:15 --> Session: Class initialized using 'CodeIgniter\Session\Handlers\FileHandler' driver.
DEBUG - 2025-09-01 20:25:05 --> Session: Class initialized using 'CodeIgniter\Session\Handlers\FileHandler' driver.
INFO - 2025-09-01 20:25:05 --> CSRF token verified.
DEBUG - 2025-09-01 20:25:05 --> Session: Class initialized using 'CodeIgniter\Session\Handlers\FileHandler' driver.
DEBUG - 2025-09-01 20:25:21 --> Session: Class initialized using 'CodeIgniter\Session\Handlers\FileHandler' driver.
DEBUG - 2025-09-01 20:25:26 --> Session: Class initialized using 'CodeIgniter\Session\Handlers\FileHandler' driver.
DEBUG - 2025-09-01 20:25:40 --> Session: Class initialized using 'CodeIgniter\Session\Handlers\FileHandler' driver.
DEBUG - 2025-09-01 20:26:12 --> Session: Class initialized using 'CodeIgniter\Session\Handlers\FileHandler' driver.
DEBUG - 2025-09-01 20:26:20 --> Session: Class initialized using 'CodeIgniter\Session\Handlers\FileHandler' driver.
DEBUG - 2025-09-01 20:26:22 --> Session: Class initialized using 'CodeIgniter\Session\Handlers\FileHandler' driver.
DEBUG - 2025-09-01 20:26:24 --> Session: Class initialized using 'CodeIgniter\Session\Handlers\FileHandler' driver.
DEBUG - 2025-09-01 20:26:29 --> Session: Class initialized using 'CodeIgniter\Session\Handlers\FileHandler' driver.
DEBUG - 2025-09-01 20:26:37 --> Session: Class initialized using 'CodeIgniter\Session\Handlers\FileHandler' driver.
DEBUG - 2025-09-01 20:27:38 --> Session: Class initialized using 'CodeIgniter\Session\Handlers\FileHandler' driver.
INFO - 2025-09-01 20:27:38 --> CSRF token verified.
DEBUG - 2025-09-01 20:27:39 --> Session: Class initialized using 'CodeIgniter\Session\Handlers\FileHandler' driver.
DEBUG - 2025-09-01 20:27:55 --> Session: Class initialized using 'CodeIgniter\Session\Handlers\FileHandler' driver.
DEBUG - 2025-09-01 20:28:12 --> Session: Class initialized using 'CodeIgniter\Session\Handlers\FileHandler' driver.
DEBUG - 2025-09-01 20:28:39 --> Session: Class initialized using 'CodeIgniter\Session\Handlers\FileHandler' driver.
DEBUG - 2025-09-01 20:28:50 --> Session: Class initialized using 'CodeIgniter\Session\Handlers\FileHandler' driver.
DEBUG - 2025-09-01 20:29:00 --> Session: Class initialized using 'CodeIgniter\Session\Handlers\FileHandler' driver.
DEBUG - 2025-09-01 20:29:04 --> Session: Class initialized using 'CodeIgniter\Session\Handlers\FileHandler' driver.
DEBUG - 2025-09-01 20:29:09 --> Session: Class initialized using 'CodeIgniter\Session\Handlers\FileHandler' driver.
DEBUG - 2025-09-01 20:29:14 --> Session: Class initialized using 'CodeIgniter\Session\Handlers\FileHandler' driver.
DEBUG - 2025-09-01 20:29:21 --> Session: Class initialized using 'CodeIgniter\Session\Handlers\FileHandler' driver.
CRITICAL - 2025-09-01 20:29:21 --> Error: Call to undefined function set_value()
[Method: GET, Route: stores/new]
in APPPATH\Views\stores\new.php on line 33.
 1 SYSTEMPATH\View\View.php(224): include()
 2 SYSTEMPATH\View\View.php(227): CodeIgniter\View\View->CodeIgniter\View\{closure}()
 3 SYSTEMPATH\Common.php(1173): CodeIgniter\View\View->render('stores/new', [], true)
 4 APPPATH\Controllers\Stores.php(27): view('stores/new', [...])
 5 SYSTEMPATH\CodeIgniter.php(933): App\Controllers\Stores->new()
 6 SYSTEMPATH\CodeIgniter.php(507): CodeIgniter\CodeIgniter->runController(Object(App\Controllers\Stores))
 7 SYSTEMPATH\CodeIgniter.php(354): CodeIgniter\CodeIgniter->handleRequest(null, Object(Config\Cache), false)
 8 SYSTEMPATH\Boot.php(334): CodeIgniter\CodeIgniter->run()
 9 SYSTEMPATH\Boot.php(67): CodeIgniter\Boot::runCodeIgniter(Object(CodeIgniter\CodeIgniter))
10 FCPATH\index.php(59): CodeIgniter\Boot::bootWeb(Object(Config\Paths))
DEBUG - 2025-09-01 20:29:25 --> Session: Class initialized using 'CodeIgniter\Session\Handlers\FileHandler' driver.
DEBUG - 2025-09-01 20:29:39 --> Session: Class initialized using 'CodeIgniter\Session\Handlers\FileHandler' driver.
DEBUG - 2025-09-01 20:29:45 --> Session: Class initialized using 'CodeIgniter\Session\Handlers\FileHandler' driver.
DEBUG - 2025-09-01 20:29:49 --> Session: Class initialized using 'CodeIgniter\Session\Handlers\FileHandler' driver.
DEBUG - 2025-09-01 20:29:53 --> Session: Class initialized using 'CodeIgniter\Session\Handlers\FileHandler' driver.
DEBUG - 2025-09-01 20:29:58 --> Session: Class initialized using 'CodeIgniter\Session\Handlers\FileHandler' driver.
WARNING - 2025-09-01 20:29:58 --> [DEPRECATED] Creation of dynamic property App\Controllers\Analytics::$saleModel is deprecated in APPPATH\Controllers\Analytics.php on line 14.
 1 SYSTEMPATH\CodeIgniter.php(903): App\Controllers\Analytics->__construct()
 2 SYSTEMPATH\CodeIgniter.php(498): CodeIgniter\CodeIgniter->createController()
 3 SYSTEMPATH\CodeIgniter.php(354): CodeIgniter\CodeIgniter->handleRequest(null, Object(Config\Cache), false)
 4 SYSTEMPATH\Boot.php(334): CodeIgniter\CodeIgniter->run()
 5 SYSTEMPATH\Boot.php(67): CodeIgniter\Boot::runCodeIgniter(Object(CodeIgniter\CodeIgniter))
 6 FCPATH\index.php(59): CodeIgniter\Boot::bootWeb(Object(Config\Paths))
